  calcviewmodelview.cpp
  csmshadow.cpp
  Detour.cpp
  doextraboneprocessing.cpp
  drawmodel.cpp
  drawmodelstatsoverlay.cpp
  eventlogs.cpp
  fireevent.cpp
  gameevents.cpp
  HDE.cpp
  hitmarker.cpp
  inprediction.cpp
  IsEntBreakableHook.cpp
  ishltv.cpp
  md5.cpp
  nadepred.cpp
  offset.cpp
  overrideconfig.cpp
  antiaim.cpp
  awall.cpp
  cbasecombatweapon.cpp
  checksum_crc.cpp
  createmove.cpp
  debug.cpp
  drawing.cpp
  beginframe.cpp
  packetstart.cpp
  sceneend.cpp
  setupbones.cpp
  shouldskipanimframe.cpp
  skinchanger.cpp
  svcheats.cpp
  TraceRay.cpp
  updateanimations.cpp
  viewmodel.cpp
  visuals.cpp
  framestagenotify.cpp
  history.cpp
  hooks.cpp
C:\Program Files (x86)\Microsoft Visual Studio\2019\Community\VC\Tools\MSVC\14.28.29333\include\memory(2208,1): warning C4316: 'std::_Ref_count_obj2<_Ty>': object allocated on the heap may not be aligned 16
          with
          [
              _Ty=sHistoryRecords
          ] (compiling source file history.cpp)
C:\Users\123\Desktop\kiduahook_recode\kiduahook\history.cpp(500): message : see reference to function template instantiation 'std::shared_ptr<sHistoryRecords> std::make_shared<sHistoryRecords,CBaseEntity*&>(CBaseEntity *&)' being compiled
  interfaces.cpp
  main.cpp
  math.cpp
  gui.cpp
  misc.cpp
  netvarmanager.cpp
  overrideview.cpp
  painttraverse.cpp
  patternscan.cpp
  rageaimbot.cpp
  resolver.cpp
  runcommand.cpp
  sdk.cpp
  vars.cpp
  vmtmanager.cpp
  wndproc.cpp
  writeusercmd.cpp
  kiduahook.vcxproj -> C:\Users\123\Desktop\kiduahook_recode\Release\kiduahook.dll
